Build started 4/9/2018 12:43:01 PM.
     1>Project "C:\Users\dh192071\Documents\Visual Studio 2013\Projects\DebugSwatBug\DebugSwatBug\DebugSwatBug.vcxproj" on node 2 (Build target(s)).
     1>ClCompile:
         C:\Program Files (x86)\Microsoft Visual Studio 12.0\VC\bin\CL.exe /c /AI"C:\Program Files (x86)\Reference Assemblies\Microsoft\Framework\.NETFramework\v4.5\\" /AI"C:\Program Files (x86)\Windows Kits\8.1\References\CommonConfiguration\Neutral" /AI"C:\Program Files (x86)\Reference Assemblies\Microsoft\Framework\.NETFramework\v4.5\Facades\\" /Zi /clr /nologo /W3 /WX- /Od /Oy- /D WIN32 /D _DEBUG /D _UNICODE /D UNICODE /EHa /MDd /GS /fp:precise /Zc:wchar_t /Zc:forScope /Fo"Debug\\" /Fd"Debug\vc120.pdb" /TP /FU"C:\Program Files (x86)\Reference Assemblies\Microsoft\Framework\.NETFramework\v4.5\mscorlib.dll" /analyze- /errorReport:prompt /clr:nostdlib Source.cpp
         Source.cpp
     1>Source.cpp(13): error C2374: 'temp' : redefinition; multiple initialization
                 Source.cpp(11) : see declaration of 'temp'
     1>Done Building Project "C:\Users\dh192071\Documents\Visual Studio 2013\Projects\DebugSwatBug\DebugSwatBug\DebugSwatBug.vcxproj" (Build target(s)) -- FAILED.

Build FAILED.

Time Elapsed 00:00:00.46
